<?xml version="1.0" encoding="UTF-8"?>
<testsuite name="lab1.Lab1Test" tests="9" skipped="0" failures="0" errors="0" timestamp="2022-11-28T15:41:04" hostname="DESKTOP-TVLHH8O" time="0.042">
  <properties/>
  <testcase name="employeeEqualsTest[0](Name: Misha&#10;Position: Receiver&#10;Salary: 20000.0&#10;Address: Holovna, 1&#10;Phone number: 0504340601&#10;Medical examination: true&#10;, Name: Misha&#10;Position: Receiver&#10;Salary: 20000.0&#10;Address: Holovna, 1&#10;Phone number: 0504340601&#10;Medical examination: true&#10;)" classname="lab1.Lab1Test" time="0.014"/>
  <testcase name="employeeNotEqualsTest[0](Name: Misha&#10;Position: Receiver&#10;Salary: 20000.0&#10;Address: Holovna, 1&#10;Phone number: 0504340601&#10;Medical examination: true&#10;, Name: Ivan&#10;Position: Seller&#10;Salary: 15000.0&#10;Address: Poshtova, 2&#10;Phone number: 0504340602&#10;Medical examination: true&#10;)" classname="lab1.Lab1Test" time="0.0"/>
  <testcase name="employeeToStringTest[0](Name: Misha&#10;Position: Receiver&#10;Salary: 20000.0&#10;Address: Holovna, 1&#10;Phone number: 0504340601&#10;Medical examination: true&#10;, Name: Misha&#10;Position: Receiver&#10;Salary: 20000.0&#10;Address: Holovna, 1&#10;Phone number: 0504340601&#10;Medical examination: true&#10;)" classname="lab1.Lab1Test" time="0.0"/>
  <testcase name="producerEqualsTest[0](Name: Andrew&#10;Address: Ukraine, Chernivtsi, Soborna 2&#10;Contact employee: Name: Misha&#10;Position: Receiver&#10;Salary: 20000.0&#10;Address: Holovna, 1&#10;Phone number: 0504340601&#10;Medical examination: true&#10;&#10;Products: [Id: 901&#10;Name: Table&#10;Category: Kitchen&#10;Price: 1500.0&#10;, Id: 901&#10;Name: Table&#10;Category: Kitchen&#10;Price: 1500.0&#10;]&#10;, Name: Andrew&#10;Address: Ukraine, Chernivtsi, Soborna 2&#10;Contact employee: Name: Misha&#10;Position: Receiver&#10;Salary: 20000.0&#10;Address: Holovna, 1&#10;Phone number: 0504340601&#10;Medical examination: true&#10;&#10;Products: [Id: 901&#10;Name: Table&#10;Category: Kitchen&#10;Price: 1500.0&#10;, Id: 901&#10;Name: Table&#10;Category: Kitchen&#10;Price: 1500.0&#10;]&#10;)" classname="lab1.Lab1Test" time="0.01"/>
  <testcase name="producerNotEqualsTest[0](Name: Andrew&#10;Address: Ukraine, Chernivtsi, Soborna 2&#10;Contact employee: Name: Misha&#10;Position: Receiver&#10;Salary: 20000.0&#10;Address: Holovna, 1&#10;Phone number: 0504340601&#10;Medical examination: true&#10;&#10;Products: [Id: 901&#10;Name: Table&#10;Category: Kitchen&#10;Price: 1500.0&#10;, Id: 901&#10;Name: Table&#10;Category: Kitchen&#10;Price: 1500.0&#10;]&#10;, Name: Anna&#10;Address:  &#10;Contact employee: Name:  &#10;Position: null&#10;Salary: 0.0&#10;Address:  &#10;Phone number:  &#10;Medical examination: false&#10;&#10;Products: [Id: 902&#10;Name: Sofa&#10;Category: Living room&#10;Price: 4000.0&#10;]&#10;)" classname="lab1.Lab1Test" time="0.0"/>
  <testcase name="producerToStringTest[0](Name: Andrew&#10;Address: Ukraine, Chernivtsi, Soborna 2&#10;Contact employee: Name: Misha&#10;Position: Receiver&#10;Salary: 20000.0&#10;Address: Holovna, 1&#10;Phone number: 0504340601&#10;Medical examination: true&#10;&#10;Products: [Id: 901&#10;Name: Table&#10;Category: Kitchen&#10;Price: 1500.0&#10;, Id: 901&#10;Name: Table&#10;Category: Kitchen&#10;Price: 1500.0&#10;]&#10;, Name: Andrew&#10;Address: Ukraine, Chernivtsi, Soborna 2&#10;Contact employee: Name: Misha&#10;Position: Receiver&#10;Salary: 20000.0&#10;Address: Holovna, 1&#10;Phone number: 0504340601&#10;Medical examination: true&#10;&#10;Products: [Id: 901&#10;Name: Table&#10;Category: Kitchen&#10;Price: 1500.0&#10;, Id: 901&#10;Name: Table&#10;Category: Kitchen&#10;Price: 1500.0&#10;]&#10;)" classname="lab1.Lab1Test" time="0.0"/>
  <testcase name="productEqualsTest[0](Id: 901&#10;Name: Table&#10;Category: Kitchen&#10;Price: 1500.0&#10;, Id: 901&#10;Name: Table&#10;Category: Kitchen&#10;Price: 1500.0&#10;)" classname="lab1.Lab1Test" time="0.001"/>
  <testcase name="productNotEqualsTest[0](Id: 901&#10;Name: Table&#10;Category: Kitchen&#10;Price: 1500.0&#10;, Id: 902&#10;Name: Sofa&#10;Category: Living room&#10;Price: 4000.0&#10;)" classname="lab1.Lab1Test" time="0.0"/>
  <testcase name="productToStringTest[0](Id: 901&#10;Name: Table&#10;Category: Kitchen&#10;Price: 1500.0&#10;, Id: 901&#10;Name: Table&#10;Category: Kitchen&#10;Price: 1500.0&#10;)" classname="lab1.Lab1Test" time="0.0"/>
  <system-out><![CDATA[]]></system-out>
  <system-err><![CDATA[]]></system-err>
</testsuite>
