<?xml version="1.0" encoding="UTF-8"?>
<testsuite name="lab1.SerializeTest" tests="1" skipped="0" failures="0" errors="0" timestamp="2022-11-28T17:52:05" hostname="DESKTOP-TVLHH8O" time="0.288">
  <properties/>
  <testcase name="testJsonSerialization" classname="lab1.SerializeTest" time="0.288"/>
  <system-out><![CDATA[]]></system-out>
  <system-err><![CDATA[]]></system-err>
</testsuite>
